<?xml version="1.0" encoding="UTF-8"?>
<!-- Generated by org.testng.reporters.JUnitReportReporter -->
<testsuite hostname="DESKTOP-832A9CC" failures="0" tests="1" name="com.simplilearn.worshop.CustomerTests" time="21.702" errors="0" timestamp="17 Oct 2021 04:51:57 GMT" skipped="0">
  <testcase classname="com.simplilearn.worshop.CustomerTests" name="positiveWithdrawalTest" time="21.702"/>
</testsuite> <!-- com.simplilearn.worshop.CustomerTests -->
