<?xml version="1.0" encoding="UTF-8"?>
<!-- Generated by org.testng.reporters.JUnitReportReporter -->
<testsuite hostname="DESKTOP-832A9CC" failures="0" tests="2" name="com.simplilearn.worshop.AdminTests" time="26.085" errors="0" timestamp="17 Oct 2021 02:33:50 GMT" skipped="0">
  <testcase classname="com.simplilearn.worshop.AdminTests" name="positiveLoginTest" time="12.835"/>
  <testcase classname="com.simplilearn.worshop.AdminTests" name="negativeLoginTest" time="13.250"/>
</testsuite> <!-- com.simplilearn.worshop.AdminTests -->
