<?xml version="1.0" encoding="UTF-8"?>
<!-- Generated by org.testng.reporters.JUnitReportReporter -->
<testsuite hostname="DESKTOP-832A9CC" failures="0" tests="2" name="com.simplilearn.worshop.CustomerTests" time="26.129" errors="0" timestamp="17 Oct 2021 04:24:39 GMT" skipped="0">
  <testcase classname="com.simplilearn.worshop.CustomerTests" name="positiveLoginTest" time="12.878"/>
  <testcase classname="com.simplilearn.worshop.CustomerTests" name="negativeLoginTest" time="13.251"/>
</testsuite> <!-- com.simplilearn.worshop.CustomerTests -->
