<?xml version="1.0" encoding="UTF-8"?>
<!-- Generated by org.testng.reporters.JUnitReportReporter -->
<testsuite hostname="DESKTOP-832A9CC" failures="0" tests="1" name="com.simplilearn.worshop.AdminTests" time="19.228" errors="0" timestamp="17 Oct 2021 06:17:55 GMT" skipped="0">
  <testcase classname="com.simplilearn.worshop.AdminTests" name="positiveChequetAuthorizeTest" time="19.228"/>
</testsuite> <!-- com.simplilearn.worshop.AdminTests -->
